2021-02-25 13:39:05,472-INFO-FILE:get_daily_data.py-FUNC:scrape_sector_pages-LINE:107-Started to scrape sectors pages
2021-02-25 13:39:06,928-INFO-FILE:requests_webpages.py-FUNC:get_content_sector_page-LINE:23-The code of the current request: 200
2021-02-25 13:39:13,085-INFO-FILE:requests_webpages.py-FUNC:get_content_sector_page-LINE:28-Return a BeautifulSoup object
2021-02-25 13:39:13,089-INFO-FILE:get_daily_data.py-FUNC:scrape_sector_pages-LINE:122-The Basic materials has 167 symbols and 2 pages
2021-02-25 13:39:13,093-INFO-FILE:get_daily_data.py-FUNC:build_sectors_and_daily_dict-LINE:166-Found the symbol: BHP
2021-02-25 13:39:13,097-INFO-FILE:get_daily_data.py-FUNC:build_sectors_and_daily_dict-LINE:180-The data was successfully added to the dictionary
2021-02-25 13:39:13,097-INFO-FILE:get_daily_data.py-FUNC:build_sectors_and_daily_dict-LINE:166-Found the symbol: BBL
2021-02-25 13:39:13,098-INFO-FILE:get_daily_data.py-FUNC:build_sectors_and_daily_dict-LINE:180-The data was successfully added to the dictionary
2021-02-25 13:39:13,098-INFO-FILE:get_daily_data.py-FUNC:build_sectors_and_daily_dict-LINE:166-Found the symbol: LIN
2021-02-25 13:39:13,099-INFO-FILE:get_daily_data.py-FUNC:build_sectors_and_daily_dict-LINE:180-The data was successfully added to the dictionary
2021-02-25 13:39:13,099-INFO-FILE:get_daily_data.py-FUNC:build_sectors_and_daily_dict-LINE:166-Found the symbol: RIO
2021-02-25 13:39:13,100-INFO-FILE:get_daily_data.py-FUNC:build_sectors_and_daily_dict-LINE:180-The data was successfully added to the dictionary
2021-02-25 13:39:13,100-INFO-FILE:get_daily_data.py-FUNC:build_sectors_and_daily_dict-LINE:166-Found the symbol: CTA-PB
2021-02-25 13:39:13,100-INFO-FILE:get_daily_data.py-FUNC:build_sectors_and_daily_dict-LINE:180-The data was successfully added to the dictionary
2021-02-25 13:39:13,100-INFO-FILE:get_daily_data.py-FUNC:build_sectors_and_daily_dict-LINE:166-Found the symbol: VALE
2021-02-25 13:39:13,101-INFO-FILE:get_daily_data.py-FUNC:build_sectors_and_daily_dict-LINE:180-The data was successfully added to the dictionary
2021-02-25 13:39:13,101-INFO-FILE:get_daily_data.py-FUNC:build_sectors_and_daily_dict-LINE:166-Found the symbol: CTA-PA
2021-02-25 13:39:13,102-INFO-FILE:get_daily_data.py-FUNC:build_sectors_and_daily_dict-LINE:180-The data was successfully added to the dictionary
2021-02-25 13:39:13,102-INFO-FILE:get_daily_data.py-FUNC:build_sectors_and_daily_dict-LINE:166-Found the symbol: SHW
2021-02-25 13:39:13,102-INFO-FILE:get_daily_data.py-FUNC:build_sectors_and_daily_dict-LINE:180-The data was successfully added to the dictionary
2021-02-25 13:39:13,102-INFO-FILE:get_daily_data.py-FUNC:build_sectors_and_daily_dict-LINE:166-Found the symbol: ECL
2021-02-25 13:39:13,103-INFO-FILE:get_daily_data.py-FUNC:build_sectors_and_daily_dict-LINE:180-The data was successfully added to the dictionary
2021-02-25 13:39:13,103-INFO-FILE:get_daily_data.py-FUNC:build_sectors_and_daily_dict-LINE:166-Found the symbol: SCCO
2021-02-25 13:39:13,104-INFO-FILE:get_daily_data.py-FUNC:build_sectors_and_daily_dict-LINE:180-The data was successfully added to the dictionary
2021-02-25 13:39:13,105-INFO-FILE:get_daily_data.py-FUNC:build_sectors_and_daily_dict-LINE:166-Found the symbol: APD
2021-02-25 13:39:13,105-INFO-FILE:get_daily_data.py-FUNC:build_sectors_and_daily_dict-LINE:180-The data was successfully added to the dictionary
2021-02-25 13:39:13,106-INFO-FILE:get_daily_data.py-FUNC:build_sectors_and_daily_dict-LINE:166-Found the symbol: FCX
2021-02-25 13:39:13,106-INFO-FILE:get_daily_data.py-FUNC:build_sectors_and_daily_dict-LINE:180-The data was successfully added to the dictionary
2021-02-25 13:39:13,106-INFO-FILE:get_daily_data.py-FUNC:build_sectors_and_daily_dict-LINE:166-Found the symbol: DOW
2021-02-25 13:39:13,107-INFO-FILE:get_daily_data.py-FUNC:build_sectors_and_daily_dict-LINE:180-The data was successfully added to the dictionary
2021-02-25 13:39:13,107-INFO-FILE:get_daily_data.py-FUNC:build_sectors_and_daily_dict-LINE:166-Found the symbol: NEM
2021-02-25 13:39:13,108-INFO-FILE:get_daily_data.py-FUNC:build_sectors_and_daily_dict-LINE:180-The data was successfully added to the dictionary
2021-02-25 13:39:13,108-INFO-FILE:get_daily_data.py-FUNC:build_sectors_and_daily_dict-LINE:166-Found the symbol: DD
2021-02-25 13:39:13,109-INFO-FILE:get_daily_data.py-FUNC:build_sectors_and_daily_dict-LINE:180-The data was successfully added to the dictionary
2021-02-25 13:39:13,109-INFO-FILE:get_daily_data.py-FUNC:build_sectors_and_daily_dict-LINE:166-Found the symbol: LYB
2021-02-25 13:39:13,110-INFO-FILE:get_daily_data.py-FUNC:build_sectors_and_daily_dict-LINE:180-The data was successfully added to the dictionary
2021-02-25 13:39:13,110-INFO-FILE:get_daily_data.py-FUNC:build_sectors_and_daily_dict-LINE:166-Found the symbol: CRH
2021-02-25 13:39:13,110-INFO-FILE:get_daily_data.py-FUNC:build_sectors_and_daily_dict-LINE:180-The data was successfully added to the dictionary
2021-02-25 13:39:13,110-INFO-FILE:get_daily_data.py-FUNC:build_sectors_and_daily_dict-LINE:166-Found the symbol: GOLD
2021-02-25 13:39:13,111-INFO-FILE:get_daily_data.py-FUNC:build_sectors_and_daily_dict-LINE:180-The data was successfully added to the dictionary
2021-02-25 13:39:13,111-INFO-FILE:get_daily_data.py-FUNC:build_sectors_and_daily_dict-LINE:166-Found the symbol: CTVA
2021-02-25 13:39:13,112-INFO-FILE:get_daily_data.py-FUNC:build_sectors_and_daily_dict-LINE:180-The data was successfully added to the dictionary
2021-02-25 13:39:13,112-INFO-FILE:get_daily_data.py-FUNC:build_sectors_and_daily_dict-LINE:166-Found the symbol: IFF
2021-02-25 13:39:13,112-INFO-FILE:get_daily_data.py-FUNC:build_sectors_and_daily_dict-LINE:180-The data was successfully added to the dictionary
2021-02-25 13:39:13,113-INFO-FILE:get_daily_data.py-FUNC:build_sectors_and_daily_dict-LINE:166-Found the symbol: NTR
2021-02-25 13:39:13,113-INFO-FILE:get_daily_data.py-FUNC:build_sectors_and_daily_dict-LINE:180-The data was successfully added to the dictionary
2021-02-25 13:39:13,113-INFO-FILE:get_daily_data.py-FUNC:build_sectors_and_daily_dict-LINE:166-Found the symbol: PPG
2021-02-25 13:39:13,114-INFO-FILE:get_daily_data.py-FUNC:build_sectors_and_daily_dict-LINE:180-The data was successfully added to the dictionary
2021-02-25 13:39:13,114-INFO-FILE:get_daily_data.py-FUNC:build_sectors_and_daily_dict-LINE:166-Found the symbol: MT
2021-02-25 13:39:13,114-INFO-FILE:get_daily_data.py-FUNC:build_sectors_and_daily_dict-LINE:180-The data was successfully added to the dictionary
2021-02-25 13:39:13,114-INFO-FILE:get_daily_data.py-FUNC:build_sectors_and_daily_dict-LINE:166-Found the symbol: VMC
2021-02-25 13:39:13,115-INFO-FILE:get_daily_data.py-FUNC:build_sectors_and_daily_dict-LINE:180-The data was successfully added to the dictionary
2021-02-25 13:39:13,115-INFO-FILE:get_daily_data.py-FUNC:build_sectors_and_daily_dict-LINE:166-Found the symbol: MLM
2021-02-25 13:39:13,116-INFO-FILE:get_daily_data.py-FUNC:build_sectors_and_daily_dict-LINE:180-The data was successfully added to the dictionary
2021-02-25 13:39:13,116-INFO-FILE:get_daily_data.py-FUNC:build_sectors_and_daily_dict-LINE:166-Found the symbol: FNV
2021-02-25 13:39:13,116-INFO-FILE:get_daily_data.py-FUNC:build_sectors_and_daily_dict-LINE:180-The data was successfully added to the dictionary
2021-02-25 13:39:13,116-INFO-FILE:get_daily_data.py-FUNC:build_sectors_and_daily_dict-LINE:166-Found the symbol: PKX
2021-02-25 13:39:13,117-INFO-FILE:get_daily_data.py-FUNC:build_sectors_and_daily_dict-LINE:180-The data was successfully added to the dictionary
2021-02-25 13:39:13,117-INFO-FILE:get_daily_data.py-FUNC:build_sectors_and_daily_dict-LINE:166-Found the symbol: NUE
2021-02-25 13:39:13,117-INFO-FILE:get_daily_data.py-FUNC:build_sectors_and_daily_dict-LINE:180-The data was successfully added to the dictionary
2021-02-25 13:39:13,118-INFO-FILE:get_daily_data.py-FUNC:build_sectors_and_daily_dict-LINE:166-Found the symbol: SUZ
2021-02-25 13:39:13,118-INFO-FILE:get_daily_data.py-FUNC:build_sectors_and_daily_dict-LINE:180-The data was successfully added to the dictionary
2021-02-25 13:39:13,118-INFO-FILE:get_daily_data.py-FUNC:build_sectors_and_daily_dict-LINE:166-Found the symbol: ALB
2021-02-25 13:39:13,119-INFO-FILE:get_daily_data.py-FUNC:build_sectors_and_daily_dict-LINE:180-The data was successfully added to the dictionary
2021-02-25 13:39:13,119-INFO-FILE:get_daily_data.py-FUNC:build_sectors_and_daily_dict-LINE:166-Found the symbol: WPM
2021-02-25 13:39:13,119-INFO-FILE:get_daily_data.py-FUNC:build_sectors_and_daily_dict-LINE:180-The data was successfully added to the dictionary
2021-02-25 13:39:13,120-INFO-FILE:get_daily_data.py-FUNC:build_sectors_and_daily_dict-LINE:166-Found the symbol: AVTR
2021-02-25 13:39:13,120-INFO-FILE:get_daily_data.py-FUNC:build_sectors_and_daily_dict-LINE:180-The data was successfully added to the dictionary
2021-02-25 13:39:13,120-INFO-FILE:get_daily_data.py-FUNC:build_sectors_and_daily_dict-LINE:166-Found the symbol: CE
2021-02-25 13:39:13,121-INFO-FILE:get_daily_data.py-FUNC:build_sectors_and_daily_dict-LINE:180-The data was successfully added to the dictionary
2021-02-25 13:39:13,121-INFO-FILE:get_daily_data.py-FUNC:build_sectors_and_daily_dict-LINE:166-Found the symbol: EMN
2021-02-25 13:39:13,121-INFO-FILE:get_daily_data.py-FUNC:build_sectors_and_daily_dict-LINE:180-The data was successfully added to the dictionary
2021-02-25 13:39:13,121-INFO-FILE:get_daily_data.py-FUNC:build_sectors_and_daily_dict-LINE:166-Found the symbol: SQM
2021-02-25 13:39:13,122-INFO-FILE:get_daily_data.py-FUNC:build_sectors_and_daily_dict-LINE:180-The data was successfully added to the dictionary
2021-02-25 13:39:13,122-INFO-FILE:get_daily_data.py-FUNC:build_sectors_and_daily_dict-LINE:166-Found the symbol: AEM
2021-02-25 13:39:13,123-INFO-FILE:get_daily_data.py-FUNC:build_sectors_and_daily_dict-LINE:180-The data was successfully added to the dictionary
2021-02-25 13:39:13,123-INFO-FILE:get_daily_data.py-FUNC:build_sectors_and_daily_dict-LINE:166-Found the symbol: AVTR-PA
2021-02-25 13:39:13,123-INFO-FILE:get_daily_data.py-FUNC:build_sectors_and_daily_dict-LINE:180-The data was successfully added to the dictionary
2021-02-25 13:39:13,124-INFO-FILE:get_daily_data.py-FUNC:build_sectors_and_daily_dict-LINE:166-Found the symbol: SBSW
2021-02-25 13:39:13,124-INFO-FILE:get_daily_data.py-FUNC:build_sectors_and_daily_dict-LINE:180-The data was successfully added to the dictionary
2021-02-25 13:39:13,124-INFO-FILE:get_daily_data.py-FUNC:build_sectors_and_daily_dict-LINE:166-Found the symbol: FMC
2021-02-25 13:39:13,125-INFO-FILE:get_daily_data.py-FUNC:build_sectors_and_daily_dict-LINE:180-The data was successfully added to the dictionary
2021-02-25 13:39:13,125-INFO-FILE:get_daily_data.py-FUNC:build_sectors_and_daily_dict-LINE:166-Found the symbol: JHX
2021-02-25 13:39:13,125-INFO-FILE:get_daily_data.py-FUNC:build_sectors_and_daily_dict-LINE:180-The data was successfully added to the dictionary
2021-02-25 13:39:13,125-INFO-FILE:get_daily_data.py-FUNC:build_sectors_and_daily_dict-LINE:166-Found the symbol: ACH
2021-02-25 13:39:13,126-INFO-FILE:get_daily_data.py-FUNC:build_sectors_and_daily_dict-LINE:180-The data was successfully added to the dictionary
2021-02-25 13:39:13,126-INFO-FILE:get_daily_data.py-FUNC:build_sectors_and_daily_dict-LINE:166-Found the symbol: SMG
2021-02-25 13:39:13,127-INFO-FILE:get_daily_data.py-FUNC:build_sectors_and_daily_dict-LINE:180-The data was successfully added to the dictionary
2021-02-25 13:39:13,127-INFO-FILE:get_daily_data.py-FUNC:build_sectors_and_daily_dict-LINE:166-Found the symbol: MOS
2021-02-25 13:39:13,128-INFO-FILE:get_daily_data.py-FUNC:build_sectors_and_daily_dict-LINE:180-The data was successfully added to the dictionary
2021-02-25 13:39:13,128-INFO-FILE:get_daily_data.py-FUNC:build_sectors_and_daily_dict-LINE:166-Found the symbol: TECK
2021-02-25 13:39:13,128-INFO-FILE:get_daily_data.py-FUNC:build_sectors_and_daily_dict-LINE:180-The data was successfully added to the dictionary
2021-02-25 13:39:13,129-INFO-FILE:get_daily_data.py-FUNC:build_sectors_and_daily_dict-LINE:166-Found the symbol: WLK
2021-02-25 13:39:13,129-INFO-FILE:get_daily_data.py-FUNC:build_sectors_and_daily_dict-LINE:180-The data was successfully added to the dictionary
2021-02-25 13:39:13,129-INFO-FILE:get_daily_data.py-FUNC:build_sectors_and_daily_dict-LINE:166-Found the symbol: RPM
2021-02-25 13:39:13,130-INFO-FILE:get_daily_data.py-FUNC:build_sectors_and_daily_dict-LINE:180-The data was successfully added to the dictionary
2021-02-25 13:39:13,130-INFO-FILE:get_daily_data.py-FUNC:build_sectors_and_daily_dict-LINE:166-Found the symbol: VEDL
2021-02-25 13:39:13,130-INFO-FILE:get_daily_data.py-FUNC:build_sectors_and_daily_dict-LINE:180-The data was successfully added to the dictionary
2021-02-25 13:39:13,130-INFO-FILE:get_daily_data.py-FUNC:build_sectors_and_daily_dict-LINE:166-Found the symbol: CX
2021-02-25 13:39:13,131-INFO-FILE:get_daily_data.py-FUNC:build_sectors_and_daily_dict-LINE:180-The data was successfully added to the dictionary
2021-02-25 13:39:13,131-INFO-FILE:get_daily_data.py-FUNC:build_sectors_and_daily_dict-LINE:166-Found the symbol: CF
2021-02-25 13:39:13,131-INFO-FILE:get_daily_data.py-FUNC:build_sectors_and_daily_dict-LINE:180-The data was successfully added to the dictionary
2021-02-25 13:39:13,131-INFO-FILE:get_daily_data.py-FUNC:build_sectors_and_daily_dict-LINE:166-Found the symbol: KL
2021-02-25 13:39:13,132-INFO-FILE:get_daily_data.py-FUNC:build_sectors_and_daily_dict-LINE:180-The data was successfully added to the dictionary
2021-02-25 13:39:13,132-INFO-FILE:get_daily_data.py-FUNC:build_sectors_and_daily_dict-LINE:166-Found the symbol: SID
2021-02-25 13:39:13,133-INFO-FILE:get_daily_data.py-FUNC:build_sectors_and_daily_dict-LINE:180-The data was successfully added to the dictionary
2021-02-25 13:39:13,133-INFO-FILE:get_daily_data.py-FUNC:build_sectors_and_daily_dict-LINE:166-Found the symbol: STLD
2021-02-25 13:39:13,133-INFO-FILE:get_daily_data.py-FUNC:build_sectors_and_daily_dict-LINE:180-The data was successfully added to the dictionary
2021-02-25 13:39:13,133-INFO-FILE:get_daily_data.py-FUNC:build_sectors_and_daily_dict-LINE:166-Found the symbol: RS
2021-02-25 13:39:13,134-INFO-FILE:get_daily_data.py-FUNC:build_sectors_and_daily_dict-LINE:180-The data was successfully added to the dictionary
2021-02-25 13:39:13,134-INFO-FILE:get_daily_data.py-FUNC:build_sectors_and_daily_dict-LINE:166-Found the symbol: AU
2021-02-25 13:39:13,135-INFO-FILE:get_daily_data.py-FUNC:build_sectors_and_daily_dict-LINE:180-The data was successfully added to the dictionary
2021-02-25 13:39:13,135-INFO-FILE:get_daily_data.py-FUNC:build_sectors_and_daily_dict-LINE:166-Found the symbol: WFG
2021-02-25 13:39:13,136-INFO-FILE:get_daily_data.py-FUNC:build_sectors_and_daily_dict-LINE:180-The data was successfully added to the dictionary
2021-02-25 13:39:13,136-INFO-FILE:get_daily_data.py-FUNC:build_sectors_and_daily_dict-LINE:166-Found the symbol: KGC
2021-02-25 13:39:13,136-INFO-FILE:get_daily_data.py-FUNC:build_sectors_and_daily_dict-LINE:180-The data was successfully added to the dictionary
2021-02-25 13:39:13,136-INFO-FILE:get_daily_data.py-FUNC:build_sectors_and_daily_dict-LINE:166-Found the symbol: MP
2021-02-25 13:39:13,137-INFO-FILE:get_daily_data.py-FUNC:build_sectors_and_daily_dict-LINE:180-The data was successfully added to the dictionary
2021-02-25 13:39:13,137-INFO-FILE:get_daily_data.py-FUNC:build_sectors_and_daily_dict-LINE:166-Found the symbol: CLF
2021-02-25 13:39:13,138-INFO-FILE:get_daily_data.py-FUNC:build_sectors_and_daily_dict-LINE:180-The data was successfully added to the dictionary
2021-02-25 13:39:13,138-INFO-FILE:get_daily_data.py-FUNC:build_sectors_and_daily_dict-LINE:166-Found the symbol: PAAS
2021-02-25 13:39:13,138-INFO-FILE:get_daily_data.py-FUNC:build_sectors_and_daily_dict-LINE:180-The data was successfully added to the dictionary
2021-02-25 13:39:13,138-INFO-FILE:get_daily_data.py-FUNC:build_sectors_and_daily_dict-LINE:166-Found the symbol: GFI
2021-02-25 13:39:13,139-INFO-FILE:get_daily_data.py-FUNC:build_sectors_and_daily_dict-LINE:180-The data was successfully added to the dictionary
2021-02-25 13:39:13,139-INFO-FILE:get_daily_data.py-FUNC:build_sectors_and_daily_dict-LINE:166-Found the symbol: ICL
2021-02-25 13:39:13,139-INFO-FILE:get_daily_data.py-FUNC:build_sectors_and_daily_dict-LINE:180-The data was successfully added to the dictionary
2021-02-25 13:39:13,140-INFO-FILE:get_daily_data.py-FUNC:build_sectors_and_daily_dict-LINE:166-Found the symbol: RGLD
2021-02-25 13:39:13,140-INFO-FILE:get_daily_data.py-FUNC:build_sectors_and_daily_dict-LINE:180-The data was successfully added to the dictionary
2021-02-25 13:39:13,140-INFO-FILE:get_daily_data.py-FUNC:build_sectors_and_daily_dict-LINE:166-Found the symbol: AXTA
2021-02-25 13:39:13,141-INFO-FILE:get_daily_data.py-FUNC:build_sectors_and_daily_dict-LINE:180-The data was successfully added to the dictionary
2021-02-25 13:39:13,141-INFO-FILE:get_daily_data.py-FUNC:build_sectors_and_daily_dict-LINE:166-Found the symbol: TX
2021-02-25 13:39:13,142-INFO-FILE:get_daily_data.py-FUNC:build_sectors_and_daily_dict-LINE:180-The data was successfully added to the dictionary
2021-02-25 13:39:13,142-INFO-FILE:get_daily_data.py-FUNC:build_sectors_and_daily_dict-LINE:166-Found the symbol: HUN
2021-02-25 13:39:13,142-INFO-FILE:get_daily_data.py-FUNC:build_sectors_and_daily_dict-LINE:180-The data was successfully added to the dictionary
2021-02-25 13:39:13,142-INFO-FILE:get_daily_data.py-FUNC:build_sectors_and_daily_dict-LINE:166-Found the symbol: MDU
2021-02-25 13:39:13,143-INFO-FILE:get_daily_data.py-FUNC:build_sectors_and_daily_dict-LINE:180-The data was successfully added to the dictionary
2021-02-25 13:39:13,143-INFO-FILE:get_daily_data.py-FUNC:build_sectors_and_daily_dict-LINE:166-Found the symbol: EXP
2021-02-25 13:39:13,143-INFO-FILE:get_daily_data.py-FUNC:build_sectors_and_daily_dict-LINE:180-The data was successfully added to the dictionary
2021-02-25 13:39:13,143-INFO-FILE:get_daily_data.py-FUNC:build_sectors_and_daily_dict-LINE:166-Found the symbol: KWR
2021-02-25 13:39:13,145-INFO-FILE:get_daily_data.py-FUNC:build_sectors_and_daily_dict-LINE:180-The data was successfully added to the dictionary
2021-02-25 13:39:13,145-INFO-FILE:get_daily_data.py-FUNC:build_sectors_and_daily_dict-LINE:166-Found the symbol: ASH
2021-02-25 13:39:13,147-INFO-FILE:get_daily_data.py-FUNC:build_sectors_and_daily_dict-LINE:180-The data was successfully added to the dictionary
2021-02-25 13:39:13,147-INFO-FILE:get_daily_data.py-FUNC:build_sectors_and_daily_dict-LINE:166-Found the symbol: OLN
2021-02-25 13:39:13,148-INFO-FILE:get_daily_data.py-FUNC:build_sectors_and_daily_dict-LINE:180-The data was successfully added to the dictionary
2021-02-25 13:39:13,148-INFO-FILE:get_daily_data.py-FUNC:build_sectors_and_daily_dict-LINE:166-Found the symbol: AA
2021-02-25 13:39:13,149-INFO-FILE:get_daily_data.py-FUNC:build_sectors_and_daily_dict-LINE:180-The data was successfully added to the dictionary
2021-02-25 13:39:13,150-INFO-FILE:get_daily_data.py-FUNC:build_sectors_and_daily_dict-LINE:166-Found the symbol: X
2021-02-25 13:39:13,150-INFO-FILE:get_daily_data.py-FUNC:build_sectors_and_daily_dict-LINE:180-The data was successfully added to the dictionary
2021-02-25 13:39:13,150-INFO-FILE:get_daily_data.py-FUNC:build_sectors_and_daily_dict-LINE:166-Found the symbol: BAK
2021-02-25 13:39:13,151-INFO-FILE:get_daily_data.py-FUNC:build_sectors_and_daily_dict-LINE:180-The data was successfully added to the dictionary
2021-02-25 13:39:13,151-INFO-FILE:get_daily_data.py-FUNC:build_sectors_and_daily_dict-LINE:166-Found the symbol: WDFC
2021-02-25 13:39:13,152-INFO-FILE:get_daily_data.py-FUNC:build_sectors_and_daily_dict-LINE:180-The data was successfully added to the dictionary
2021-02-25 13:39:13,152-INFO-FILE:get_daily_data.py-FUNC:build_sectors_and_daily_dict-LINE:166-Found the symbol: ESI
2021-02-25 13:39:13,152-INFO-FILE:get_daily_data.py-FUNC:build_sectors_and_daily_dict-LINE:180-The data was successfully added to the dictionary
2021-02-25 13:39:13,153-INFO-FILE:get_daily_data.py-FUNC:build_sectors_and_daily_dict-LINE:166-Found the symbol: AG
2021-02-25 13:39:13,153-INFO-FILE:get_daily_data.py-FUNC:build_sectors_and_daily_dict-LINE:180-The data was successfully added to the dictionary
2021-02-25 13:39:13,153-INFO-FILE:get_daily_data.py-FUNC:build_sectors_and_daily_dict-LINE:166-Found the symbol: NEU
2021-02-25 13:39:13,154-INFO-FILE:get_daily_data.py-FUNC:build_sectors_and_daily_dict-LINE:180-The data was successfully added to the dictionary
2021-02-25 13:39:13,154-INFO-FILE:get_daily_data.py-FUNC:build_sectors_and_daily_dict-LINE:166-Found the symbol: AVNT
2021-02-25 13:39:13,156-INFO-FILE:get_daily_data.py-FUNC:build_sectors_and_daily_dict-LINE:180-The data was successfully added to the dictionary
2021-02-25 13:39:13,156-INFO-FILE:get_daily_data.py-FUNC:build_sectors_and_daily_dict-LINE:166-Found the symbol: GRA
2021-02-25 13:39:13,157-INFO-FILE:get_daily_data.py-FUNC:build_sectors_and_daily_dict-LINE:180-The data was successfully added to the dictionary
2021-02-25 13:39:13,157-INFO-FILE:get_daily_data.py-FUNC:build_sectors_and_daily_dict-LINE:166-Found the symbol: BCPC
2021-02-25 13:39:13,158-INFO-FILE:get_daily_data.py-FUNC:build_sectors_and_daily_dict-LINE:180-The data was successfully added to the dictionary
2021-02-25 13:39:13,158-INFO-FILE:get_daily_data.py-FUNC:build_sectors_and_daily_dict-LINE:166-Found the symbol: CC
2021-02-25 13:39:13,159-INFO-FILE:get_daily_data.py-FUNC:build_sectors_and_daily_dict-LINE:180-The data was successfully added to the dictionary
2021-02-25 13:39:13,159-INFO-FILE:get_daily_data.py-FUNC:build_sectors_and_daily_dict-LINE:166-Found the symbol: UFPI
2021-02-25 13:39:13,159-INFO-FILE:get_daily_data.py-FUNC:build_sectors_and_daily_dict-LINE:180-The data was successfully added to the dictionary
2021-02-25 13:39:13,160-INFO-FILE:get_daily_data.py-FUNC:build_sectors_and_daily_dict-LINE:166-Found the symbol: HL
2021-02-25 13:39:13,160-INFO-FILE:get_daily_data.py-FUNC:build_sectors_and_daily_dict-LINE:180-The data was successfully added to the dictionary
2021-02-25 13:39:13,160-INFO-FILE:get_daily_data.py-FUNC:build_sectors_and_daily_dict-LINE:166-Found the symbol: AMRS
2021-02-25 13:39:13,161-INFO-FILE:get_daily_data.py-FUNC:build_sectors_and_daily_dict-LINE:180-The data was successfully added to the dictionary
2021-02-25 13:39:13,161-INFO-FILE:get_daily_data.py-FUNC:build_sectors_and_daily_dict-LINE:166-Found the symbol: UNVR
2021-02-25 13:39:13,161-INFO-FILE:get_daily_data.py-FUNC:build_sectors_and_daily_dict-LINE:180-The data was successfully added to the dictionary
2021-02-25 13:39:13,161-INFO-FILE:get_daily_data.py-FUNC:build_sectors_and_daily_dict-LINE:166-Found the symbol: DNMR
2021-02-25 13:39:13,162-INFO-FILE:get_daily_data.py-FUNC:build_sectors_and_daily_dict-LINE:180-The data was successfully added to the dictionary
2021-02-25 13:39:13,162-INFO-FILE:get_daily_data.py-FUNC:build_sectors_and_daily_dict-LINE:166-Found the symbol: SXT
2021-02-25 13:39:13,162-INFO-FILE:get_daily_data.py-FUNC:build_sectors_and_daily_dict-LINE:180-The data was successfully added to the dictionary
2021-02-25 13:39:13,163-INFO-FILE:get_daily_data.py-FUNC:build_sectors_and_daily_dict-LINE:166-Found the symbol: SSRM
2021-02-25 13:39:13,163-INFO-FILE:get_daily_data.py-FUNC:build_sectors_and_daily_dict-LINE:180-The data was successfully added to the dictionary
2021-02-25 13:39:13,163-INFO-FILE:get_daily_data.py-FUNC:build_sectors_and_daily_dict-LINE:166-Found the symbol: TRQ
2021-02-25 13:39:13,164-INFO-FILE:get_daily_data.py-FUNC:build_sectors_and_daily_dict-LINE:180-The data was successfully added to the dictionary
2021-02-25 13:39:13,164-INFO-FILE:get_daily_data.py-FUNC:build_sectors_and_daily_dict-LINE:166-Found the symbol: CMC
2021-02-25 13:39:13,164-INFO-FILE:get_daily_data.py-FUNC:build_sectors_and_daily_dict-LINE:180-The data was successfully added to the dictionary
2021-02-25 13:39:13,164-INFO-FILE:get_daily_data.py-FUNC:build_sectors_and_daily_dict-LINE:166-Found the symbol: SUM
2021-02-25 13:39:13,166-INFO-FILE:get_daily_data.py-FUNC:build_sectors_and_daily_dict-LINE:180-The data was successfully added to the dictionary
2021-02-25 13:39:13,166-INFO-FILE:get_daily_data.py-FUNC:build_sectors_and_daily_dict-LINE:166-Found the symbol: FUL
2021-02-25 13:39:13,168-INFO-FILE:get_daily_data.py-FUNC:build_sectors_and_daily_dict-LINE:180-The data was successfully added to the dictionary
2021-02-25 13:39:13,168-INFO-FILE:get_daily_data.py-FUNC:build_sectors_and_daily_dict-LINE:166-Found the symbol: AGI
2021-02-25 13:39:13,169-INFO-FILE:get_daily_data.py-FUNC:build_sectors_and_daily_dict-LINE:180-The data was successfully added to the dictionary
2021-02-25 13:39:13,169-INFO-FILE:get_daily_data.py-FUNC:build_sectors_and_daily_dict-LINE:166-Found the symbol: MEOH
2021-02-25 13:39:13,170-INFO-FILE:get_daily_data.py-FUNC:build_sectors_and_daily_dict-LINE:180-The data was successfully added to the dictionary
2021-02-25 13:39:13,170-INFO-FILE:get_daily_data.py-FUNC:build_sectors_and_daily_dict-LINE:166-Found the symbol: BVN
2021-02-25 13:39:13,171-INFO-FILE:get_daily_data.py-FUNC:build_sectors_and_daily_dict-LINE:180-The data was successfully added to the dictionary
2021-02-25 13:39:13,171-INFO-FILE:get_daily_data.py-FUNC:build_sectors_and_daily_dict-LINE:166-Found the symbol: NGVT
2021-02-25 13:39:13,172-INFO-FILE:get_daily_data.py-FUNC:build_sectors_and_daily_dict-LINE:180-The data was successfully added to the dictionary
2021-02-25 13:39:13,172-INFO-FILE:get_daily_data.py-FUNC:build_sectors_and_daily_dict-LINE:166-Found the symbol: CBT
2021-02-25 13:39:13,172-INFO-FILE:get_daily_data.py-FUNC:build_sectors_and_daily_dict-LINE:180-The data was successfully added to the dictionary
2021-02-25 13:39:13,172-INFO-FILE:get_daily_data.py-FUNC:build_sectors_and_daily_dict-LINE:166-Found the symbol: LTHM
2021-02-25 13:39:13,173-INFO-FILE:get_daily_data.py-FUNC:build_sectors_and_daily_dict-LINE:180-The data was successfully added to the dictionary
2021-02-25 13:39:13,173-INFO-FILE:get_daily_data.py-FUNC:build_sectors_and_daily_dict-LINE:166-Found the symbol: SCL
2021-02-25 13:39:13,174-INFO-FILE:get_daily_data.py-FUNC:build_sectors_and_daily_dict-LINE:180-The data was successfully added to the dictionary
2021-02-25 13:39:13,174-INFO-FILE:get_daily_data.py-FUNC:build_sectors_and_daily_dict-LINE:166-Found the symbol: TROX
2021-02-25 13:39:13,175-INFO-FILE:get_daily_data.py-FUNC:build_sectors_and_daily_dict-LINE:180-The data was successfully added to the dictionary
2021-02-25 13:39:14,279-INFO-FILE:requests_webpages.py-FUNC:get_content_sector_page-LINE:23-The code of the current request: 200
2021-02-25 13:39:21,390-INFO-FILE:requests_webpages.py-FUNC:get_content_sector_page-LINE:28-Return a BeautifulSoup object
2021-02-25 13:39:21,393-INFO-FILE:get_daily_data.py-FUNC:build_sectors_and_daily_dict-LINE:166-Found the symbol: TSE
2021-02-25 13:39:21,394-INFO-FILE:get_daily_data.py-FUNC:build_sectors_and_daily_dict-LINE:180-The data was successfully added to the dictionary
2021-02-25 13:39:21,394-INFO-FILE:get_daily_data.py-FUNC:build_sectors_and_daily_dict-LINE:166-Found the symbol: IOSP
2021-02-25 13:39:21,394-INFO-FILE:get_daily_data.py-FUNC:build_sectors_and_daily_dict-LINE:180-The data was successfully added to the dictionary
2021-02-25 13:39:21,395-INFO-FILE:get_daily_data.py-FUNC:build_sectors_and_daily_dict-LINE:166-Found the symbol: MTX
2021-02-25 13:39:21,395-INFO-FILE:get_daily_data.py-FUNC:build_sectors_and_daily_dict-LINE:180-The data was successfully added to the dictionary
2021-02-25 13:39:21,395-INFO-FILE:get_daily_data.py-FUNC:build_sectors_and_daily_dict-LINE:166-Found the symbol: CDE
2021-02-25 13:39:21,396-INFO-FILE:get_daily_data.py-FUNC:build_sectors_and_daily_dict-LINE:180-The data was successfully added to the dictionary
2021-02-25 13:39:21,396-INFO-FILE:get_daily_data.py-FUNC:build_sectors_and_daily_dict-LINE:166-Found the symbol: CMP
2021-02-25 13:39:21,396-INFO-FILE:get_daily_data.py-FUNC:build_sectors_and_daily_dict-LINE:180-The data was successfully added to the dictionary
2021-02-25 13:39:21,396-INFO-FILE:get_daily_data.py-FUNC:build_sectors_and_daily_dict-LINE:166-Found the symbol: LAC
2021-02-25 13:39:21,397-INFO-FILE:get_daily_data.py-FUNC:build_sectors_and_daily_dict-LINE:180-The data was successfully added to the dictionary
2021-02-25 13:39:21,397-INFO-FILE:get_daily_data.py-FUNC:build_sectors_and_daily_dict-LINE:166-Found the symbol: PQG
2021-02-25 13:39:21,397-INFO-FILE:get_daily_data.py-FUNC:build_sectors_and_daily_dict-LINE:180-The data was successfully added to the dictionary
2021-02-25 13:39:21,398-INFO-FILE:get_daily_data.py-FUNC:build_sectors_and_daily_dict-LINE:166-Found the symbol: UFS
2021-02-25 13:39:21,398-INFO-FILE:get_daily_data.py-FUNC:build_sectors_and_daily_dict-LINE:180-The data was successfully added to the dictionary
2021-02-25 13:39:21,398-INFO-FILE:get_daily_data.py-FUNC:build_sectors_and_daily_dict-LINE:166-Found the symbol: EVA
2021-02-25 13:39:21,399-INFO-FILE:get_daily_data.py-FUNC:build_sectors_and_daily_dict-LINE:180-The data was successfully added to the dictionary
2021-02-25 13:39:21,399-INFO-FILE:get_daily_data.py-FUNC:build_sectors_and_daily_dict-LINE:166-Found the symbol: EGO
2021-02-25 13:39:21,400-INFO-FILE:get_daily_data.py-FUNC:build_sectors_and_daily_dict-LINE:180-The data was successfully added to the dictionary
2021-02-25 13:39:21,400-INFO-FILE:get_daily_data.py-FUNC:build_sectors_and_daily_dict-LINE:166-Found the symbol: HBM
2021-02-25 13:39:21,400-INFO-FILE:get_daily_data.py-FUNC:build_sectors_and_daily_dict-LINE:180-The data was successfully added to the dictionary
2021-02-25 13:39:21,400-INFO-FILE:get_daily_data.py-FUNC:build_sectors_and_daily_dict-LINE:166-Found the symbol: PVG
2021-02-25 13:39:21,401-INFO-FILE:get_daily_data.py-FUNC:build_sectors_and_daily_dict-LINE:180-The data was successfully added to the dictionary
2021-02-25 13:39:21,401-INFO-FILE:get_daily_data.py-FUNC:build_sectors_and_daily_dict-LINE:166-Found the symbol: BCC
2021-02-25 13:39:21,402-INFO-FILE:get_daily_data.py-FUNC:build_sectors_and_daily_dict-LINE:180-The data was successfully added to the dictionary
2021-02-25 13:39:21,402-INFO-FILE:get_daily_data.py-FUNC:build_sectors_and_daily_dict-LINE:166-Found the symbol: CSTM
2021-02-25 13:39:21,403-INFO-FILE:get_daily_data.py-FUNC:build_sectors_and_daily_dict-LINE:180-The data was successfully added to the dictionary
2021-02-25 13:39:21,403-INFO-FILE:get_daily_data.py-FUNC:build_sectors_and_daily_dict-LINE:166-Found the symbol: GCP
2021-02-25 13:39:21,403-INFO-FILE:get_daily_data.py-FUNC:build_sectors_and_daily_dict-LINE:180-The data was successfully added to the dictionary
2021-02-25 13:39:21,403-INFO-FILE:get_daily_data.py-FUNC:build_sectors_and_daily_dict-LINE:166-Found the symbol: KALU
2021-02-25 13:39:21,406-INFO-FILE:get_daily_data.py-FUNC:build_sectors_and_daily_dict-LINE:180-The data was successfully added to the dictionary
2021-02-25 13:39:21,407-INFO-FILE:get_daily_data.py-FUNC:build_sectors_and_daily_dict-LINE:166-Found the symbol: OR
2021-02-25 13:39:21,409-INFO-FILE:get_daily_data.py-FUNC:build_sectors_and_daily_dict-LINE:180-The data was successfully added to the dictionary
2021-02-25 13:39:21,409-INFO-FILE:get_daily_data.py-FUNC:build_sectors_and_daily_dict-LINE:166-Found the symbol: KRO
2021-02-25 13:39:21,410-INFO-FILE:get_daily_data.py-FUNC:build_sectors_and_daily_dict-LINE:180-The data was successfully added to the dictionary
2021-02-25 13:39:21,410-INFO-FILE:get_daily_data.py-FUNC:build_sectors_and_daily_dict-LINE:166-Found the symbol: SWM
2021-02-25 13:39:21,411-INFO-FILE:get_daily_data.py-FUNC:build_sectors_and_daily_dict-LINE:180-The data was successfully added to the dictionary
2021-02-25 13:39:21,411-INFO-FILE:get_daily_data.py-FUNC:build_sectors_and_daily_dict-LINE:166-Found the symbol: FSM
2021-02-25 13:39:21,412-INFO-FILE:get_daily_data.py-FUNC:build_sectors_and_daily_dict-LINE:180-The data was successfully added to the dictionary
2021-02-25 13:39:21,412-INFO-FILE:get_daily_data.py-FUNC:build_sectors_and_daily_dict-LINE:166-Found the symbol: MTRN
2021-02-25 13:39:21,412-INFO-FILE:get_daily_data.py-FUNC:build_sectors_and_daily_dict-LINE:180-The data was successfully added to the dictionary
2021-02-25 13:39:21,412-INFO-FILE:get_daily_data.py-FUNC:build_sectors_and_daily_dict-LINE:166-Found the symbol: NEXA
2021-02-25 13:39:21,413-INFO-FILE:get_daily_data.py-FUNC:build_sectors_and_daily_dict-LINE:180-The data was successfully added to the dictionary
2021-02-25 13:39:21,413-INFO-FILE:get_daily_data.py-FUNC:build_sectors_and_daily_dict-LINE:166-Found the symbol: CENX
2021-02-25 13:39:21,414-INFO-FILE:get_daily_data.py-FUNC:build_sectors_and_daily_dict-LINE:180-The data was successfully added to the dictionary
2021-02-25 13:39:21,414-INFO-FILE:get_daily_data.py-FUNC:build_sectors_and_daily_dict-LINE:166-Found the symbol: SA
2021-02-25 13:39:21,414-INFO-FILE:get_daily_data.py-FUNC:build_sectors_and_daily_dict-LINE:180-The data was successfully added to the dictionary
2021-02-25 13:39:21,414-INFO-FILE:get_daily_data.py-FUNC:build_sectors_and_daily_dict-LINE:166-Found the symbol: FOE
2021-02-25 13:39:21,415-INFO-FILE:get_daily_data.py-FUNC:build_sectors_and_daily_dict-LINE:180-The data was successfully added to the dictionary
2021-02-25 13:39:21,415-INFO-FILE:get_daily_data.py-FUNC:build_sectors_and_daily_dict-LINE:166-Found the symbol: KRA
2021-02-25 13:39:21,416-INFO-FILE:get_daily_data.py-FUNC:build_sectors_and_daily_dict-LINE:180-The data was successfully added to the dictionary
2021-02-25 13:39:21,416-INFO-FILE:get_daily_data.py-FUNC:build_sectors_and_daily_dict-LINE:166-Found the symbol: SAND
2021-02-25 13:39:21,417-INFO-FILE:get_daily_data.py-FUNC:build_sectors_and_daily_dict-LINE:180-The data was successfully added to the dictionary
2021-02-25 13:39:21,417-INFO-FILE:get_daily_data.py-FUNC:build_sectors_and_daily_dict-LINE:166-Found the symbol: LOMA
2021-02-25 13:39:21,417-INFO-FILE:get_daily_data.py-FUNC:build_sectors_and_daily_dict-LINE:180-The data was successfully added to the dictionary
2021-02-25 13:39:21,417-INFO-FILE:get_daily_data.py-FUNC:build_sectors_and_daily_dict-LINE:166-Found the symbol: OEC
2021-02-25 13:39:21,418-INFO-FILE:get_daily_data.py-FUNC:build_sectors_and_daily_dict-LINE:180-The data was successfully added to the dictionary
2021-02-25 13:39:21,418-INFO-FILE:get_daily_data.py-FUNC:build_sectors_and_daily_dict-LINE:166-Found the symbol: HCC
2021-02-25 13:39:21,418-INFO-FILE:get_daily_data.py-FUNC:build_sectors_and_daily_dict-LINE:180-The data was successfully added to the dictionary
2021-02-25 13:39:21,419-INFO-FILE:get_daily_data.py-FUNC:build_sectors_and_daily_dict-LINE:166-Found the symbol: SCHN
2021-02-25 13:39:21,419-INFO-FILE:get_daily_data.py-FUNC:build_sectors_and_daily_dict-LINE:180-The data was successfully added to the dictionary
2021-02-25 13:39:21,419-INFO-FILE:get_daily_data.py-FUNC:build_sectors_and_daily_dict-LINE:166-Found the symbol: EXK
2021-02-25 13:39:21,420-INFO-FILE:get_daily_data.py-FUNC:build_sectors_and_daily_dict-LINE:180-The data was successfully added to the dictionary
2021-02-25 13:39:21,420-INFO-FILE:get_daily_data.py-FUNC:build_sectors_and_daily_dict-LINE:166-Found the symbol: HL-PB
2021-02-25 13:39:21,422-INFO-FILE:get_daily_data.py-FUNC:build_sectors_and_daily_dict-LINE:180-The data was successfully added to the dictionary
2021-02-25 13:39:21,422-INFO-FILE:get_daily_data.py-FUNC:build_sectors_and_daily_dict-LINE:166-Found the symbol: NP
2021-02-25 13:39:21,423-INFO-FILE:get_daily_data.py-FUNC:build_sectors_and_daily_dict-LINE:180-The data was successfully added to the dictionary
2021-02-25 13:39:21,423-INFO-FILE:get_daily_data.py-FUNC:build_sectors_and_daily_dict-LINE:166-Found the symbol: MERC
2021-02-25 13:39:21,424-INFO-FILE:get_daily_data.py-FUNC:build_sectors_and_daily_dict-LINE:180-The data was successfully added to the dictionary
2021-02-25 13:39:21,425-INFO-FILE:get_daily_data.py-FUNC:build_sectors_and_daily_dict-LINE:166-Found the symbol: GATO
2021-02-25 13:39:21,426-INFO-FILE:get_daily_data.py-FUNC:build_sectors_and_daily_dict-LINE:180-The data was successfully added to the dictionary
2021-02-25 13:39:21,426-INFO-FILE:get_daily_data.py-FUNC:build_sectors_and_daily_dict-LINE:166-Found the symbol: USCR
2021-02-25 13:39:21,427-INFO-FILE:get_daily_data.py-FUNC:build_sectors_and_daily_dict-LINE:180-The data was successfully added to the dictionary
2021-02-25 13:39:21,427-INFO-FILE:get_daily_data.py-FUNC:build_sectors_and_daily_dict-LINE:166-Found the symbol: GPRE
2021-02-25 13:39:21,428-INFO-FILE:get_daily_data.py-FUNC:build_sectors_and_daily_dict-LINE:180-The data was successfully added to the dictionary
2021-02-25 13:39:21,428-INFO-FILE:get_daily_data.py-FUNC:build_sectors_and_daily_dict-LINE:166-Found the symbol: WLKP
2021-02-25 13:39:21,428-INFO-FILE:get_daily_data.py-FUNC:build_sectors_and_daily_dict-LINE:180-The data was successfully added to the dictionary
2021-02-25 13:39:21,429-INFO-FILE:get_daily_data.py-FUNC:build_sectors_and_daily_dict-LINE:166-Found the symbol: USLM
2021-02-25 13:39:21,429-INFO-FILE:get_daily_data.py-FUNC:build_sectors_and_daily_dict-LINE:180-The data was successfully added to the dictionary
2021-02-25 13:39:21,429-INFO-FILE:get_daily_data.py-FUNC:build_sectors_and_daily_dict-LINE:166-Found the symbol: ASIX
2021-02-25 13:39:21,430-INFO-FILE:get_daily_data.py-FUNC:build_sectors_and_daily_dict-LINE:180-The data was successfully added to the dictionary
2021-02-25 13:39:21,430-INFO-FILE:get_daily_data.py-FUNC:build_sectors_and_daily_dict-LINE:166-Found the symbol: DRD
2021-02-25 13:39:21,430-INFO-FILE:get_daily_data.py-FUNC:build_sectors_and_daily_dict-LINE:180-The data was successfully added to the dictionary
2021-02-25 13:39:21,430-INFO-FILE:get_daily_data.py-FUNC:build_sectors_and_daily_dict-LINE:166-Found the symbol: RFP
2021-02-25 13:39:21,431-INFO-FILE:get_daily_data.py-FUNC:build_sectors_and_daily_dict-LINE:180-The data was successfully added to the dictionary
2021-02-25 13:39:21,431-INFO-FILE:get_daily_data.py-FUNC:build_sectors_and_daily_dict-LINE:166-Found the symbol: KOP
2021-02-25 13:39:21,431-INFO-FILE:get_daily_data.py-FUNC:build_sectors_and_daily_dict-LINE:180-The data was successfully added to the dictionary
2021-02-25 13:39:21,431-INFO-FILE:get_daily_data.py-FUNC:build_sectors_and_daily_dict-LINE:166-Found the symbol: GLT
2021-02-25 13:39:21,432-INFO-FILE:get_daily_data.py-FUNC:build_sectors_and_daily_dict-LINE:180-The data was successfully added to the dictionary
2021-02-25 13:39:21,432-INFO-FILE:get_daily_data.py-FUNC:build_sectors_and_daily_dict-LINE:166-Found the symbol: CPAC
2021-02-25 13:39:21,432-INFO-FILE:get_daily_data.py-FUNC:build_sectors_and_daily_dict-LINE:180-The data was successfully added to the dictionary
2021-02-25 13:39:21,432-INFO-FILE:get_daily_data.py-FUNC:build_sectors_and_daily_dict-LINE:166-Found the symbol: CLW
2021-02-25 13:39:21,433-INFO-FILE:get_daily_data.py-FUNC:build_sectors_and_daily_dict-LINE:180-The data was successfully added to the dictionary
2021-02-25 13:39:21,433-INFO-FILE:get_daily_data.py-FUNC:build_sectors_and_daily_dict-LINE:166-Found the symbol: HWKN
2021-02-25 13:39:21,434-INFO-FILE:get_daily_data.py-FUNC:build_sectors_and_daily_dict-LINE:180-The data was successfully added to the dictionary
2021-02-25 13:39:21,434-INFO-FILE:get_daily_data.py-FUNC:build_sectors_and_daily_dict-LINE:166-Found the symbol: FF
2021-02-25 13:39:21,434-INFO-FILE:get_daily_data.py-FUNC:build_sectors_and_daily_dict-LINE:180-The data was successfully added to the dictionary
2021-02-25 13:39:21,434-INFO-FILE:get_daily_data.py-FUNC:build_sectors_and_daily_dict-LINE:166-Found the symbol: AVD
2021-02-25 13:39:21,435-INFO-FILE:get_daily_data.py-FUNC:build_sectors_and_daily_dict-LINE:180-The data was successfully added to the dictionary
2021-02-25 13:39:21,435-INFO-FILE:get_daily_data.py-FUNC:build_sectors_and_daily_dict-LINE:166-Found the symbol: SXC
2021-02-25 13:39:21,435-INFO-FILE:get_daily_data.py-FUNC:build_sectors_and_daily_dict-LINE:180-The data was successfully added to the dictionary
2021-02-25 13:39:21,435-INFO-FILE:get_daily_data.py-FUNC:build_sectors_and_daily_dict-LINE:166-Found the symbol: VHI
2021-02-25 13:39:21,436-INFO-FILE:get_daily_data.py-FUNC:build_sectors_and_daily_dict-LINE:180-The data was successfully added to the dictionary
2021-02-25 13:39:21,436-INFO-FILE:get_daily_data.py-FUNC:build_sectors_and_daily_dict-LINE:166-Found the symbol: TG
2021-02-25 13:39:21,437-INFO-FILE:get_daily_data.py-FUNC:build_sectors_and_daily_dict-LINE:180-The data was successfully added to the dictionary
2021-02-25 13:39:21,437-INFO-FILE:get_daily_data.py-FUNC:build_sectors_and_daily_dict-LINE:166-Found the symbol: RYAM
2021-02-25 13:39:21,438-INFO-FILE:get_daily_data.py-FUNC:build_sectors_and_daily_dict-LINE:180-The data was successfully added to the dictionary
2021-02-25 13:39:21,438-INFO-FILE:get_daily_data.py-FUNC:build_sectors_and_daily_dict-LINE:166-Found the symbol: VRS
2021-02-25 13:39:21,438-INFO-FILE:get_daily_data.py-FUNC:build_sectors_and_daily_dict-LINE:180-The data was successfully added to the dictionary
2021-02-25 13:39:21,438-INFO-FILE:get_daily_data.py-FUNC:build_sectors_and_daily_dict-LINE:166-Found the symbol: IPI
2021-02-25 13:39:21,439-INFO-FILE:get_daily_data.py-FUNC:build_sectors_and_daily_dict-LINE:180-The data was successfully added to the dictionary
2021-02-25 13:39:21,439-INFO-FILE:get_daily_data.py-FUNC:build_sectors_and_daily_dict-LINE:166-Found the symbol: TMST
2021-02-25 13:39:21,439-INFO-FILE:get_daily_data.py-FUNC:build_sectors_and_daily_dict-LINE:180-The data was successfully added to the dictionary
2021-02-25 13:39:21,440-INFO-FILE:get_daily_data.py-FUNC:build_sectors_and_daily_dict-LINE:166-Found the symbol: MSB
2021-02-25 13:39:21,440-INFO-FILE:get_daily_data.py-FUNC:build_sectors_and_daily_dict-LINE:180-The data was successfully added to the dictionary
2021-02-25 13:39:21,440-INFO-FILE:get_daily_data.py-FUNC:build_sectors_and_daily_dict-LINE:166-Found the symbol: UAN
2021-02-25 13:39:21,441-INFO-FILE:get_daily_data.py-FUNC:build_sectors_and_daily_dict-LINE:180-The data was successfully added to the dictionary
2021-02-25 13:39:21,441-INFO-FILE:get_daily_data.py-FUNC:build_sectors_and_daily_dict-LINE:166-Found the symbol: CINR
2021-02-25 13:39:21,441-INFO-FILE:get_daily_data.py-FUNC:build_sectors_and_daily_dict-LINE:180-The data was successfully added to the dictionary
2021-02-25 13:39:21,441-INFO-FILE:get_daily_data.py-FUNC:build_sectors_and_daily_dict-LINE:166-Found the symbol: ODC
2021-02-25 13:39:21,442-INFO-FILE:get_daily_data.py-FUNC:build_sectors_and_daily_dict-LINE:180-The data was successfully added to the dictionary
2021-02-25 13:39:21,442-INFO-FILE:get_daily_data.py-FUNC:build_sectors_and_daily_dict-LINE:166-Found the symbol: ZEUS
2021-02-25 13:39:21,442-INFO-FILE:get_daily_data.py-FUNC:build_sectors_and_daily_dict-LINE:180-The data was successfully added to the dictionary
2021-02-25 13:39:21,443-INFO-FILE:get_daily_data.py-FUNC:build_sectors_and_daily_dict-LINE:166-Found the symbol: TREC
2021-02-25 13:39:21,443-INFO-FILE:get_daily_data.py-FUNC:build_sectors_and_daily_dict-LINE:180-The data was successfully added to the dictionary
2021-02-25 13:39:21,443-INFO-FILE:get_daily_data.py-FUNC:build_sectors_and_daily_dict-LINE:166-Found the symbol: SPPP
2021-02-25 13:39:21,444-INFO-FILE:get_daily_data.py-FUNC:build_sectors_and_daily_dict-LINE:180-The data was successfully added to the dictionary
2021-02-25 13:39:21,444-INFO-FILE:get_daily_data.py-FUNC:build_sectors_and_daily_dict-LINE:166-Found the symbol: USAP
2021-02-25 13:39:21,444-INFO-FILE:get_daily_data.py-FUNC:build_sectors_and_daily_dict-LINE:180-The data was successfully added to the dictionary
2021-02-25 13:39:21,444-INFO-FILE:get_daily_data.py-FUNC:build_sectors_and_daily_dict-LINE:166-Found the symbol: CGA
2021-02-25 13:39:21,445-INFO-FILE:get_daily_data.py-FUNC:build_sectors_and_daily_dict-LINE:180-The data was successfully added to the dictionary
2021-02-25 13:39:21,445-INFO-FILE:get_daily_data.py-FUNC:build_sectors_and_daily_dict-LINE:166-Found the symbol: IFFT
2021-02-25 13:39:21,445-INFO-FILE:get_daily_data.py-FUNC:build_sectors_and_daily_dict-LINE:180-The data was successfully added to the dictionary
2021-02-25 13:39:21,446-INFO-FILE:get_daily_data.py-FUNC:scrape_sector_pages-LINE:146-Finished to scrape sectors pages
2021-02-25 13:39:21,446-INFO-FILE:get_daily_data.py-FUNC:scrape_sector_pages-LINE:147-The length of the daily data dict that was created is: 167
2021-02-25 13:39:21,446-INFO-FILE:requests_webpages.py-FUNC:get_content_financial_statements-LINE:37- Extract data from the financial statements of: BHP
2021-02-25 13:39:21,446-INFO-FILE:requests_webpages.py-FUNC:get_content_financial_statements-LINE:39-Sending a request to: https://finance.yahoo.com/quote/BHP/financials?p=BHP
2021-02-25 13:39:22,258-INFO-FILE:requests_webpages.py-FUNC:get_content_financial_statements-LINE:46-The code of the current request: 200
2021-02-25 13:39:22,314-INFO-FILE:requests_webpages.py-FUNC:get_content_financial_statements-LINE:48-Return a BeautifulSoup object
2021-02-25 13:39:22,315-INFO-FILE:get_data_of_financial_statements.py-FUNC:get_data_financial_statements-LINE:55-The data on the financial statements have been added to the dictionary - BHP
2021-02-25 13:39:22,315-INFO-FILE:requests_webpages.py-FUNC:get_content_financial_statements-LINE:37- Extract data from the financial statements of: BBL
2021-02-25 13:39:22,316-INFO-FILE:requests_webpages.py-FUNC:get_content_financial_statements-LINE:39-Sending a request to: https://finance.yahoo.com/quote/BBL/financials?p=BBL
2021-02-25 13:39:23,212-INFO-FILE:requests_webpages.py-FUNC:get_content_financial_statements-LINE:46-The code of the current request: 200
2021-02-25 13:39:23,274-INFO-FILE:requests_webpages.py-FUNC:get_content_financial_statements-LINE:48-Return a BeautifulSoup object
2021-02-25 13:39:23,276-INFO-FILE:get_data_of_financial_statements.py-FUNC:get_data_financial_statements-LINE:55-The data on the financial statements have been added to the dictionary - BBL
2021-02-25 13:39:23,276-INFO-FILE:requests_webpages.py-FUNC:get_content_financial_statements-LINE:37- Extract data from the financial statements of: LIN
2021-02-25 13:39:23,276-INFO-FILE:requests_webpages.py-FUNC:get_content_financial_statements-LINE:39-Sending a request to: https://finance.yahoo.com/quote/LIN/financials?p=LIN
2021-02-25 13:39:24,144-INFO-FILE:requests_webpages.py-FUNC:get_content_financial_statements-LINE:46-The code of the current request: 200
2021-02-25 13:39:24,229-INFO-FILE:requests_webpages.py-FUNC:get_content_financial_statements-LINE:48-Return a BeautifulSoup object
2021-02-25 13:39:24,231-INFO-FILE:get_data_of_financial_statements.py-FUNC:get_data_financial_statements-LINE:55-The data on the financial statements have been added to the dictionary - LIN
2021-02-25 13:39:24,231-INFO-FILE:requests_webpages.py-FUNC:get_content_financial_statements-LINE:37- Extract data from the financial statements of: RIO
2021-02-25 13:39:24,231-INFO-FILE:requests_webpages.py-FUNC:get_content_financial_statements-LINE:39-Sending a request to: https://finance.yahoo.com/quote/RIO/financials?p=RIO
2021-02-25 13:39:25,121-INFO-FILE:requests_webpages.py-FUNC:get_content_financial_statements-LINE:46-The code of the current request: 200
2021-02-25 13:39:25,178-INFO-FILE:requests_webpages.py-FUNC:get_content_financial_statements-LINE:48-Return a BeautifulSoup object
2021-02-25 13:39:25,181-INFO-FILE:get_data_of_financial_statements.py-FUNC:get_data_financial_statements-LINE:55-The data on the financial statements have been added to the dictionary - RIO
2021-02-25 13:39:25,182-INFO-FILE:requests_webpages.py-FUNC:get_content_financial_statements-LINE:37- Extract data from the financial statements of: CTA-PB
2021-02-25 13:39:25,182-INFO-FILE:requests_webpages.py-FUNC:get_content_financial_statements-LINE:39-Sending a request to: https://finance.yahoo.com/quote/CTA-PB/financials?p=CTA-PB
2021-02-25 13:39:25,973-INFO-FILE:requests_webpages.py-FUNC:get_content_financial_statements-LINE:46-The code of the current request: 200
2021-02-25 13:39:26,035-INFO-FILE:requests_webpages.py-FUNC:get_content_financial_statements-LINE:48-Return a BeautifulSoup object
2021-02-25 13:39:26,037-INFO-FILE:get_data_of_financial_statements.py-FUNC:get_data_financial_statements-LINE:55-The data on the financial statements have been added to the dictionary - CTA-PB
2021-02-25 13:39:26,037-INFO-FILE:main_file.py-FUNC:main-LINE:17-The dictionary of the financial reports was created. the dictionary size is: 5
2021-02-25 13:39:26,037-INFO-FILE:utilities.py-FUNC:check_if_json_folder_exist_and_create-LINE:84-Json folder was created
2021-02-25 13:39:26,044-INFO-FILE:utilities.py-FUNC:to_json_daily_data-LINE:97-A json file with the daily data was created
2021-02-25 13:39:26,046-INFO-FILE:utilities.py-FUNC:to_json_financials-LINE:109-A json file with the financials data was created
2021-02-25 14:09:13,881-INFO-FILE:get_daily_data.py-FUNC:scrape_sector_pages-LINE:107-Started to scrape sectors pages
2021-02-25 14:09:15,139-INFO-FILE:requests_webpages.py-FUNC:get_content_sector_page-LINE:23-The code of the current request: 200
